<?xml version="1.0" encoding="UTF-8"?>
<!-- Generated by org.testng.reporters.JUnitReportReporter -->
<testsuite hostname="EC2AMAZ-S11DBRH" failures="0" tests="3" name="runners.placeorderrunner1" time="4.002" errors="0" timestamp="2024-03-27T07:40:41 GMT" skipped="0">
  <testcase classname="runners.placeorderrunner1" name="runScenario" time="0.019"/>
  <system-out/>
  <testcase classname="runners.placeorderrunner1" name="runScenario" time="3.973"/>
  <system-out/>
  <testcase classname="runners.placeorderrunner1" name="runScenario" time="0.010"/>
  <system-out/>
</testsuite> <!-- runners.placeorderrunner1 -->
