<?xml version="1.0" encoding="UTF-8"?>
<!-- Generated by org.testng.reporters.JUnitReportReporter -->
<testsuite hostname="EC2AMAZ-S11DBRH" failures="0" tests="3" name="runners.placeorderrunner" time="6.012" errors="0" timestamp="2024-03-27T06:14:11 GMT" skipped="0">
  <testcase classname="runners.placeorderrunner" name="runScenario" time="1.150"/>
  <system-out/>
  <testcase classname="runners.placeorderrunner" name="runScenario" time="1.197"/>
  <system-out/>
  <testcase classname="runners.placeorderrunner" name="runScenario" time="3.665"/>
  <system-out/>
</testsuite> <!-- runners.placeorderrunner -->
